<?xml version="1.0" encoding="UTF-8"?>
<!-- Generated by org.testng.reporters.JUnitXMLReporter -->
<testsuite ignored="2" hostname="Ajitpawar" failures="0" tests="1" name="Default test" time="6.396" errors="0" timestamp="2024-07-19T00:08:21 IST">
  <testcase classname="ai.oc.testlayer.HomepageTest" name="verifyTotalPrice" time="0.095"/>
  <testcase classname="ai.oc.testlayer.HomepageTest" name="verifyAddtoCartScanario" time="0.0">
    <ignored/>
  </testcase> <!-- verifyAddtoCartScanario -->
  <testcase classname="ai.oc.testlayer.HomepageTest" name="verifyShoppingCartURL" time="0.0">
    <ignored/>
  </testcase> <!-- verifyShoppingCartURL -->
</testsuite> <!-- Default test -->
